Arguments: 
  /usr/local/bin/node /usr/local/bin/yarn add unist

PATH: 
  /Users/thiendo/Code/others/google-cloud-sdk/bin:/usr/local/bin:/usr/bin:/bin:/usr/sbin:/sbin:/Users/thiendo/Code/others/google-cloud-sdk/bin

Yarn version: 
  1.22.11

Node version: 
  16.6.0

Platform: 
  darwin x64

Trace: 
  Error: https://registry.yarnpkg.com/unist: Not found
      at Request.params.callback [as _callback] (/usr/local/lib/node_modules/yarn/lib/cli.js:66992:18)
      at Request.self.callback (/usr/local/lib/node_modules/yarn/lib/cli.js:140763:22)
      at Request.emit (node:events:394:28)
      at Request.<anonymous> (/usr/local/lib/node_modules/yarn/lib/cli.js:141735:10)
      at Request.emit (node:events:394:28)
      at IncomingMessage.<anonymous> (/usr/local/lib/node_modules/yarn/lib/cli.js:141657:12)
      at Object.onceWrapper (node:events:513:28)
      at IncomingMessage.emit (node:events:406:35)
      at endReadableNT (node:internal/streams/readable:1331:12)
      at processTicksAndRejections (node:internal/process/task_queues:83:21)

npm manifest: 
  {
  	"name": "rehype-source-map",
  	"version": "1.0.0",
  	"description": "Attach source line number via data-line attribute",
  	"main": "dist/index.js",
  	"repository": "https://github.com/thien-do/rehype-source-map.git",
  	"author": "Thien Do <hello@thien.do>",
  	"license": "MIT",
  	"type": "module",
  	"prettier": {
  		"useTabs": true,
  		"tabWidth": 4
  	},
  	"devDependencies": {
  		"rehype": "^12.0.0",
  		"rehype-stringify": "^9.0.2",
  		"remark-parse": "^10.0.0",
  		"remark-rehype": "^9.0.0",
  		"unified": "^10.1.0",
  		"unist-util-visit": "^4.0.0",
  		"typescript": "^4.4.2"
  	}
  }

yarn manifest: 
  No manifest

Lockfile: 
  # THIS IS AN AUTOGENERATED FILE. DO NOT EDIT THIS FILE DIRECTLY.
  # yarn lockfile v1
  
  
  "@types/debug@^4.0.0":
    version "4.1.7"
    resolved "https://registry.yarnpkg.com/@types/debug/-/debug-4.1.7.tgz#7cc0ea761509124709b8b2d1090d8f6c17aadb82"
    integrity sha512-9AonUzyTjXXhEOa0DnqpzZi6VHlqKMswga9EXjpXnnqxwLtdvPPtlO8evrI5D9S6asFRCQ6v+wpiUKbw+vKqyg==
    dependencies:
      "@types/ms" "*"
  
  "@types/hast@^2.0.0":
    version "2.3.4"
    resolved "https://registry.yarnpkg.com/@types/hast/-/hast-2.3.4.tgz#8aa5ef92c117d20d974a82bdfb6a648b08c0bafc"
    integrity sha512-wLEm0QvaoawEDoTRwzTXp4b4jpwiJDvR5KMnFnVodm3scufTlBOWRD6N1OBf9TZMhjlNsSfcO5V+7AF4+Vy+9g==
    dependencies:
      "@types/unist" "*"
  
  "@types/mdast@^3.0.0":
    version "3.0.10"
    resolved "https://registry.yarnpkg.com/@types/mdast/-/mdast-3.0.10.tgz#4724244a82a4598884cbbe9bcfd73dff927ee8af"
    integrity sha512-W864tg/Osz1+9f4lrGTZpCSO5/z4608eUp19tbozkq2HJK6i3z1kT0H9tlADXuYIb1YYOBByU4Jsqkk75q48qA==
    dependencies:
      "@types/unist" "*"
  
  "@types/mdurl@^1.0.0":
    version "1.0.2"
    resolved "https://registry.yarnpkg.com/@types/mdurl/-/mdurl-1.0.2.tgz#e2ce9d83a613bacf284c7be7d491945e39e1f8e9"
    integrity sha512-eC4U9MlIcu2q0KQmXszyn5Akca/0jrQmwDRgpAMJai7qBWq4amIQhZyNau4VYGtCeALvW1/NtjzJJ567aZxfKA==
  
  "@types/ms@*":
    version "0.7.31"
    resolved "https://registry.yarnpkg.com/@types/ms/-/ms-0.7.31.tgz#31b7ca6407128a3d2bbc27fe2d21b345397f6197"
    integrity sha512-iiUgKzV9AuaEkZqkOLDIvlQiL6ltuZd9tGcW3gwpnX8JbuiuhFlEGmmFXEXkN50Cvq7Os88IY2v0dkDqXYWVgA==
  
  "@types/parse5@^6.0.0":
    version "6.0.1"
    resolved "https://registry.yarnpkg.com/@types/parse5/-/parse5-6.0.1.tgz#f8ae4fbcd2b9ba4ff934698e28778961f9cb22ca"
    integrity sha512-ARATsLdrGPUnaBvxLhUlnltcMgn7pQG312S8ccdYlnyijabrX9RN/KN/iGj9Am96CoW8e/K9628BA7Bv4XHdrA==
  
  "@types/unist@*", "@types/unist@^2.0.0":
    version "2.0.6"
    resolved "https://registry.yarnpkg.com/@types/unist/-/unist-2.0.6.tgz#250a7b16c3b91f672a24552ec64678eeb1d3a08d"
    integrity sha512-PBjIUxZHOuj0R15/xuwJYjFi+KZdNFrehocChv4g5hu6aFroHue8m0lBP0POdK2nKzbw0cgV1mws8+V/JAcEkQ==
  
  bail@^2.0.0:
    version "2.0.1"
    resolved "https://registry.yarnpkg.com/bail/-/bail-2.0.1.tgz#d676736373a374058a935aec81b94c12ba815771"
    integrity sha512-d5FoTAr2S5DSUPKl85WNm2yUwsINN8eidIdIwsOge2t33DaOfOdSmmsI11jMN3GmALCXaw+Y6HMVHDzePshFAA==
  
  ccount@^2.0.0:
    version "2.0.0"
    resolved "https://registry.yarnpkg.com/ccount/-/ccount-2.0.0.tgz#3d6fb55803832766a24c6f339abc507297eb5d25"
    integrity sha512-VOR0NWFYX65n9gELQdcpqsie5L5ihBXuZGAgaPEp/U7IOSjnPMEH6geE+2f6lcekaNEfWzAHS45mPvSo5bqsUA==
  
  character-entities-html4@^2.0.0:
    version "2.0.0"
    resolved "https://registry.yarnpkg.com/character-entities-html4/-/character-entities-html4-2.0.0.tgz#55fcf3ed00febfe41f8f6a5709d25ab8ed73a449"
    integrity sha512-dwT2xh5ZhUAjyP96k57ilMKoTQyASaw9IAMR9U5c1lCu2RUni6O6jxfpUEdO2RcPT6TJFvr8pqsbami4Jk+2oA==
  
  character-entities-legacy@^2.0.0:
    version "2.0.0"
    resolved "https://registry.yarnpkg.com/character-entities-legacy/-/character-entities-legacy-2.0.0.tgz#57f4d00974c696e8f74e9f493e7fcb75b44d7ee7"
    integrity sha512-YwaEtEvWLpFa6Wh3uVLrvirA/ahr9fki/NUd/Bd4OR6EdJ8D22hovYQEOUCBfQfcqnC4IAMGMsHXY1eXgL4ZZA==
  
  character-entities@^2.0.0:
    version "2.0.0"
    resolved "https://registry.yarnpkg.com/character-entities/-/character-entities-2.0.0.tgz#508355fcc8c73893e0909efc1a44d28da2b6fdf3"
    integrity sha512-oHqMj3eAuJ77/P5PaIRcqk+C3hdfNwyCD2DAUcD5gyXkegAuF2USC40CEqPscDk4I8FRGMTojGJQkXDsN5QlJA==
  
  character-reference-invalid@^2.0.0:
    version "2.0.0"
    resolved "https://registry.yarnpkg.com/character-reference-invalid/-/character-reference-invalid-2.0.0.tgz#a0bdeb89c051fe7ed5d3158b2f06af06984f2813"
    integrity sha512-pE3Z15lLRxDzWJy7bBHBopRwfI20sbrMVLQTC7xsPglCHf4Wv1e167OgYAFP78co2XlhojDyAqA+IAJse27//g==
  
  comma-separated-tokens@^2.0.0:
    version "2.0.2"
    resolved "https://registry.yarnpkg.com/comma-separated-tokens/-/comma-separated-tokens-2.0.2.tgz#d4c25abb679b7751c880be623c1179780fe1dd98"
    integrity sha512-G5yTt3KQN4Yn7Yk4ed73hlZ1evrFKXeUW3086p3PRFNp7m2vIjI6Pg+Kgb+oyzhd9F2qdcoj67+y3SdxL5XWsg==
  
  debug@^4.0.0:
    version "4.3.2"
    resolved "https://registry.yarnpkg.com/debug/-/debug-4.3.2.tgz#f0a49c18ac8779e31d4a0c6029dfb76873c7428b"
    integrity sha512-mOp8wKcvj7XxC78zLgw/ZA+6TSgkoE2C/ienthhRD298T7UNwAg9diBpLRxC0mOezLl4B0xV7M0cCO6P/O0Xhw==
    dependencies:
      ms "2.1.2"
  
  extend@^3.0.0:
    version "3.0.2"
    resolved "https://registry.yarnpkg.com/extend/-/extend-3.0.2.tgz#f8b1136b4071fbd8eb140aff858b1019ec2915fa"
    integrity sha512-fjquC59cD7CyW6urNXK0FBufkZcoiGG80wTuPujX590cB5Ttln20E2UB4S/WARVqhXffZl2LNgS+gQdPIIim/g==
  
  hast-util-from-parse5@^7.0.0:
    version "7.1.0"
    resolved "https://registry.yarnpkg.com/hast-util-from-parse5/-/hast-util-from-parse5-7.1.0.tgz#c129dd3a24dd8a867ab8a029ca47e27aa54864b7"
    integrity sha512-m8yhANIAccpU4K6+121KpPP55sSl9/samzQSQGpb0mTExcNh2WlvjtMwSWFhg6uqD4Rr6Nfa8N6TMypQM51rzQ==
    dependencies:
      "@types/hast" "^2.0.0"
      "@types/parse5" "^6.0.0"
      "@types/unist" "^2.0.0"
      hastscript "^7.0.0"
      property-information "^6.0.0"
      vfile "^5.0.0"
      vfile-location "^4.0.0"
      web-namespaces "^2.0.0"
  
  hast-util-is-element@^2.0.0:
    version "2.1.1"
    resolved "https://registry.yarnpkg.com/hast-util-is-element/-/hast-util-is-element-2.1.1.tgz#863019a27400dc4f1aedfa4900627f42fd75c2b7"
    integrity sha512-ag0fiZfRWsPiR1udvnSbaazJLGv8qd8E+/e3rW8rUZhbKG4HNJmFL4QkEceN+22BgE+uozXY30z/s+2dL6Z++g==
    dependencies:
      "@types/hast" "^2.0.0"
      "@types/unist" "^2.0.0"
  
  hast-util-parse-selector@^3.0.0:
    version "3.1.0"
    resolved "https://registry.yarnpkg.com/hast-util-parse-selector/-/hast-util-parse-selector-3.1.0.tgz#a519e27e8b61bd5a98fad494ed06131ce68d9c3f"
    integrity sha512-AyjlI2pTAZEOeu7GeBPZhROx0RHBnydkQIXlhnFzDi0qfXTmGUWoCYZtomHbrdrheV4VFUlPcfJ6LMF5T6sQzg==
    dependencies:
      "@types/hast" "^2.0.0"
  
  hast-util-to-html@^8.0.0:
    version "8.0.2"
    resolved "https://registry.yarnpkg.com/hast-util-to-html/-/hast-util-to-html-8.0.2.tgz#3445497508e2157a3169864eb43fb6ee929d3cbe"
    integrity sha512-ipLhUTMyyJi9F/LXaNDG9BrRdshP6obCfmUZYbE/+T639IdzqAOkKN4DyrEyID0gbb+rsC3PKf0XlviZwzomhw==
    dependencies:
      "@types/hast" "^2.0.0"
      ccount "^2.0.0"
      comma-separated-tokens "^2.0.0"
      hast-util-is-element "^2.0.0"
      hast-util-whitespace "^2.0.0"
      html-void-elements "^2.0.0"
      property-information "^6.0.0"
      space-separated-tokens "^2.0.0"
      stringify-entities "^4.0.0"
      unist-util-is "^5.0.0"
  
  hast-util-whitespace@^2.0.0:
    version "2.0.0"
    resolved "https://registry.yarnpkg.com/hast-util-whitespace/-/hast-util-whitespace-2.0.0.tgz#4fc1086467cc1ef5ba20673cb6b03cec3a970f1c"
    integrity sha512-Pkw+xBHuV6xFeJprJe2BBEoDV+AvQySaz3pPDRUs5PNZEMQjpXJJueqrpcHIXxnWTcAGi/UOCgVShlkY6kLoqg==
  
  hastscript@^7.0.0:
    version "7.0.2"
    resolved "https://registry.yarnpkg.com/hastscript/-/hastscript-7.0.2.tgz#d811fc040817d91923448a28156463b2e40d590a"
    integrity sha512-uA8ooUY4ipaBvKcMuPehTAB/YfFLSSzCwFSwT6ltJbocFUKH/GDHLN+tflq7lSRf9H86uOuxOFkh1KgIy3Gg2g==
    dependencies:
      "@types/hast" "^2.0.0"
      comma-separated-tokens "^2.0.0"
      hast-util-parse-selector "^3.0.0"
      property-information "^6.0.0"
      space-separated-tokens "^2.0.0"
  
  html-void-elements@^2.0.0:
    version "2.0.0"
    resolved "https://registry.yarnpkg.com/html-void-elements/-/html-void-elements-2.0.0.tgz#ea71bae0dd33de675cdda3c4ace1bc7584bb1071"
    integrity sha512-4OYzQQsBt0G9bJ/nM9/DDsjm4+fVdzAaPJJcWk5QwA3GIAPxQEeOR0rsI8HbDHQz5Gta8pVvGnnTNSbZVEVvkQ==
  
  is-alphabetical@^2.0.0:
    version "2.0.0"
    resolved "https://registry.yarnpkg.com/is-alphabetical/-/is-alphabetical-2.0.0.tgz#ef6e2caea57c63450fffc7abb6cbdafc5eb96e96"
    integrity sha512-5OV8Toyq3oh4eq6sbWTYzlGdnMT/DPI5I0zxUBxjiigQsZycpkKF3kskkao3JyYGuYDHvhgJF+DrjMQp9SX86w==
  
  is-alphanumerical@^2.0.0:
    version "2.0.0"
    resolved "https://registry.yarnpkg.com/is-alphanumerical/-/is-alphanumerical-2.0.0.tgz#0fbfeb6a72d21d91143b3d182bf6cf5909ee66f6"
    integrity sha512-t+2GlJ+hO9yagJ+jU3+HSh80VKvz/3cG2cxbGGm4S0hjKuhWQXgPVUVOZz3tqZzMjhmphZ+1TIJTlRZRoe6GCQ==
    dependencies:
      is-alphabetical "^2.0.0"
      is-decimal "^2.0.0"
  
  is-buffer@^2.0.0:
    version "2.0.5"
    resolved "https://registry.yarnpkg.com/is-buffer/-/is-buffer-2.0.5.tgz#ebc252e400d22ff8d77fa09888821a24a658c191"
    integrity sha512-i2R6zNFDwgEHJyQUtJEk0XFi1i0dPFn/oqjK3/vPCcDeJvW5NQ83V8QbicfF1SupOaB0h8ntgBC2YiE7dfyctQ==
  
  is-decimal@^2.0.0:
    version "2.0.0"
    resolved "https://registry.yarnpkg.com/is-decimal/-/is-decimal-2.0.0.tgz#db1140337809fd043a056ae40a9bd1cdc563034c"
    integrity sha512-QfrfjQV0LjoWQ1K1XSoEZkTAzSa14RKVMa5zg3SdAfzEmQzRM4+tbSFWb78creCeA9rNBzaZal92opi1TwPWZw==
  
  is-hexadecimal@^2.0.0:
    version "2.0.0"
    resolved "https://registry.yarnpkg.com/is-hexadecimal/-/is-hexadecimal-2.0.0.tgz#8e1ec9f48fe3eabd90161109856a23e0907a65d5"
    integrity sha512-vGOtYkiaxwIiR0+Ng/zNId+ZZehGfINwTzdrDqc6iubbnQWhnPuYymOzOKUDqa2cSl59yHnEh2h6MvRLQsyNug==
  
  is-plain-obj@^4.0.0:
    version "4.0.0"
    resolved "https://registry.yarnpkg.com/is-plain-obj/-/is-plain-obj-4.0.0.tgz#06c0999fd7574edf5a906ba5644ad0feb3a84d22"
    integrity sha512-NXRbBtUdBioI73y/HmOhogw/U5msYPC9DAtGkJXeFcFWSFZw0mCUsPxk/snTuJHzNKA8kLBK4rH97RMB1BfCXw==
  
  mdast-util-definitions@^5.0.0:
    version "5.1.0"
    resolved "https://registry.yarnpkg.com/mdast-util-definitions/-/mdast-util-definitions-5.1.0.tgz#b6d10ef00a3c4cf191e8d9a5fa58d7f4a366f817"
    integrity sha512-5hcR7FL2EuZ4q6lLMUK5w4lHT2H3vqL9quPvYZ/Ku5iifrirfMHiGdhxdXMUbUkDmz5I+TYMd7nbaxUhbQkfpQ==
    dependencies:
      "@types/mdast" "^3.0.0"
      "@types/unist" "^2.0.0"
      unist-util-visit "^3.0.0"
  
  mdast-util-from-markdown@^1.0.0:
    version "1.0.0"
    resolved "https://registry.yarnpkg.com/mdast-util-from-markdown/-/mdast-util-from-markdown-1.0.0.tgz#c517313cd999ec2b8f6d447b438c5a9d500b89c9"
    integrity sha512-uj2G60sb7z1PNOeElFwCC9b/Se/lFXuLhVKFOAY2EHz/VvgbupTQRNXPoZl7rGpXYL6BNZgcgaybrlSWbo7n/g==
    dependencies:
      "@types/mdast" "^3.0.0"
      "@types/unist" "^2.0.0"
      mdast-util-to-string "^3.0.0"
      micromark "^3.0.0"
      micromark-util-decode-numeric-character-reference "^1.0.0"
      micromark-util-normalize-identifier "^1.0.0"
      micromark-util-symbol "^1.0.0"
      micromark-util-types "^1.0.0"
      parse-entities "^3.0.0"
      unist-util-stringify-position "^3.0.0"
  
  mdast-util-to-hast@^11.0.0:
    version "11.2.0"
    resolved "https://registry.yarnpkg.com/mdast-util-to-hast/-/mdast-util-to-hast-11.2.0.tgz#54d76f1539be21a6559b2aa36e97bb07d2ab43ab"
    integrity sha512-KSYbg4PA9wk5YwoCZCPxbUAjdYunNN5TqTXoZp/9taRDGQS65cL2fFgKc78l0f3deg4p1LP9xdhmMuUrhAUSZA==
    dependencies:
      "@types/hast" "^2.0.0"
      "@types/mdast" "^3.0.0"
      "@types/mdurl" "^1.0.0"
      mdast-util-definitions "^5.0.0"
      mdurl "^1.0.0"
      unist-builder "^3.0.0"
      unist-util-generated "^2.0.0"
      unist-util-position "^4.0.0"
      unist-util-visit "^3.0.0"
  
  mdast-util-to-string@^3.0.0:
    version "3.1.0"
    resolved "https://registry.yarnpkg.com/mdast-util-to-string/-/mdast-util-to-string-3.1.0.tgz#56c506d065fbf769515235e577b5a261552d56e9"
    integrity sha512-n4Vypz/DZgwo0iMHLQL49dJzlp7YtAJP+N07MZHpjPf/5XJuHUWstviF4Mn2jEiR/GNmtnRRqnwsXExk3igfFA==
  
  mdurl@^1.0.0:
    version "1.0.1"
    resolved "https://registry.yarnpkg.com/mdurl/-/mdurl-1.0.1.tgz#fe85b2ec75a59037f2adfec100fd6c601761152e"
    integrity sha1-/oWy7HWlkDfyrf7BAP1sYBdhFS4=
  
  micromark-core-commonmark@^1.0.1:
    version "1.0.1"
    resolved "https://registry.yarnpkg.com/micromark-core-commonmark/-/micromark-core-commonmark-1.0.1.tgz#a64987cafe872e8b80bc8f2352a5d988586ac4f1"
    integrity sha512-vEOw8hcQ3nwHkKKNIyP9wBi8M50zjNajtmI+cCUWcVfJS+v5/3WCh4PLKf7PPRZFUutjzl4ZjlHwBWUKfb/SkA==
    dependencies:
      micromark-factory-destination "^1.0.0"
      micromark-factory-label "^1.0.0"
      micromark-factory-space "^1.0.0"
      micromark-factory-title "^1.0.0"
      micromark-factory-whitespace "^1.0.0"
      micromark-util-character "^1.0.0"
      micromark-util-chunked "^1.0.0"
      micromark-util-classify-character "^1.0.0"
      micromark-util-html-tag-name "^1.0.0"
      micromark-util-normalize-identifier "^1.0.0"
      micromark-util-resolve-all "^1.0.0"
      micromark-util-subtokenize "^1.0.0"
      micromark-util-symbol "^1.0.0"
      micromark-util-types "^1.0.1"
      parse-entities "^3.0.0"
  
  micromark-factory-destination@^1.0.0:
    version "1.0.0"
    resolved "https://registry.yarnpkg.com/micromark-factory-destination/-/micromark-factory-destination-1.0.0.tgz#fef1cb59ad4997c496f887b6977aa3034a5a277e"
    integrity sha512-eUBA7Rs1/xtTVun9TmV3gjfPz2wEwgK5R5xcbIM5ZYAtvGF6JkyaDsj0agx8urXnO31tEO6Ug83iVH3tdedLnw==
    dependencies:
      micromark-util-character "^1.0.0"
      micromark-util-symbol "^1.0.0"
      micromark-util-types "^1.0.0"
  
  micromark-factory-label@^1.0.0:
    version "1.0.0"
    resolved "https://registry.yarnpkg.com/micromark-factory-label/-/micromark-factory-label-1.0.0.tgz#b316ec479b474232973ff13b49b576f84a6f2cbb"
    integrity sha512-XWEucVZb+qBCe2jmlOnWr6sWSY6NHx+wtpgYFsm4G+dufOf6tTQRRo0bdO7XSlGPu5fyjpJenth6Ksnc5Mwfww==
    dependencies:
      micromark-util-character "^1.0.0"
      micromark-util-symbol "^1.0.0"
      micromark-util-types "^1.0.0"
  
  micromark-factory-space@^1.0.0:
    version "1.0.0"
    resolved "https://registry.yarnpkg.com/micromark-factory-space/-/micromark-factory-space-1.0.0.tgz#cebff49968f2b9616c0fcb239e96685cb9497633"
    integrity sha512-qUmqs4kj9a5yBnk3JMLyjtWYN6Mzfcx8uJfi5XAveBniDevmZasdGBba5b4QsvRcAkmvGo5ACmSUmyGiKTLZew==
    dependencies:
      micromark-util-character "^1.0.0"
      micromark-util-types "^1.0.0"
  
  micromark-factory-title@^1.0.0:
    version "1.0.0"
    resolved "https://registry.yarnpkg.com/micromark-factory-title/-/micromark-factory-title-1.0.0.tgz#708f7a8044f34a898c0efdb4f55e4da66b537273"
    integrity sha512-flvC7Gx0dWVWorXuBl09Cr3wB5FTuYec8pMGVySIp2ZlqTcIjN/lFohZcP0EG//krTptm34kozHk7aK/CleCfA==
    dependencies:
      micromark-factory-space "^1.0.0"
      micromark-util-character "^1.0.0"
      micromark-util-symbol "^1.0.0"
      micromark-util-types "^1.0.0"
  
  micromark-factory-whitespace@^1.0.0:
    version "1.0.0"
    resolved "https://registry.yarnpkg.com/micromark-factory-whitespace/-/micromark-factory-whitespace-1.0.0.tgz#e991e043ad376c1ba52f4e49858ce0794678621c"
    integrity sha512-Qx7uEyahU1lt1RnsECBiuEbfr9INjQTGa6Err+gF3g0Tx4YEviPbqqGKNv/NrBaE7dVHdn1bVZKM/n5I/Bak7A==
    dependencies:
      micromark-factory-space "^1.0.0"
      micromark-util-character "^1.0.0"
      micromark-util-symbol "^1.0.0"
      micromark-util-types "^1.0.0"
  
  micromark-util-character@^1.0.0:
    version "1.1.0"
    resolved "https://registry.yarnpkg.com/micromark-util-character/-/micromark-util-character-1.1.0.tgz#d97c54d5742a0d9611a68ca0cd4124331f264d86"
    integrity sha512-agJ5B3unGNJ9rJvADMJ5ZiYjBRyDpzKAOk01Kpi1TKhlT1APx3XZk6eN7RtSz1erbWHC2L8T3xLZ81wdtGRZzg==
    dependencies:
      micromark-util-symbol "^1.0.0"
      micromark-util-types "^1.0.0"
  
  micromark-util-chunked@^1.0.0:
    version "1.0.0"
    resolved "https://registry.yarnpkg.com/micromark-util-chunked/-/micromark-util-chunked-1.0.0.tgz#5b40d83f3d53b84c4c6bce30ed4257e9a4c79d06"
    integrity sha512-5e8xTis5tEZKgesfbQMKRCyzvffRRUX+lK/y+DvsMFdabAicPkkZV6gO+FEWi9RfuKKoxxPwNL+dFF0SMImc1g==
    dependencies:
      micromark-util-symbol "^1.0.0"
  
  micromark-util-classify-character@^1.0.0:
    version "1.0.0"
    resolved "https://registry.yarnpkg.com/micromark-util-classify-character/-/micromark-util-classify-character-1.0.0.tgz#cbd7b447cb79ee6997dd274a46fc4eb806460a20"
    integrity sha512-F8oW2KKrQRb3vS5ud5HIqBVkCqQi224Nm55o5wYLzY/9PwHGXC01tr3d7+TqHHz6zrKQ72Okwtvm/xQm6OVNZA==
    dependencies:
      micromark-util-character "^1.0.0"
      micromark-util-symbol "^1.0.0"
      micromark-util-types "^1.0.0"
  
  micromark-util-combine-extensions@^1.0.0:
    version "1.0.0"
    resolved "https://registry.yarnpkg.com/micromark-util-combine-extensions/-/micromark-util-combine-extensions-1.0.0.tgz#91418e1e74fb893e3628b8d496085639124ff3d5"
    integrity sha512-J8H058vFBdo/6+AsjHp2NF7AJ02SZtWaVUjsayNFeAiydTxUwViQPxN0Hf8dp4FmCQi0UUFovFsEyRSUmFH3MA==
    dependencies:
      micromark-util-chunked "^1.0.0"
      micromark-util-types "^1.0.0"
  
  micromark-util-decode-numeric-character-reference@^1.0.0:
    version "1.0.0"
    resolved "https://registry.yarnpkg.com/micromark-util-decode-numeric-character-reference/-/micromark-util-decode-numeric-character-reference-1.0.0.tgz#dcc85f13b5bd93ff8d2868c3dba28039d490b946"
    integrity sha512-OzO9AI5VUtrTD7KSdagf4MWgHMtET17Ua1fIpXTpuhclCqD8egFWo85GxSGvxgkGS74bEahvtM0WP0HjvV0e4w==
    dependencies:
      micromark-util-symbol "^1.0.0"
  
  micromark-util-encode@^1.0.0:
    version "1.0.0"
    resolved "https://registry.yarnpkg.com/micromark-util-encode/-/micromark-util-encode-1.0.0.tgz#c409ecf751a28aa9564b599db35640fccec4c068"
    integrity sha512-cJpFVM768h6zkd8qJ1LNRrITfY4gwFt+tziPcIf71Ui8yFzY9wG3snZQqiWVq93PG4Sw6YOtcNiKJfVIs9qfGg==
  
  micromark-util-html-tag-name@^1.0.0:
    version "1.0.0"
    resolved "https://registry.yarnpkg.com/micromark-util-html-tag-name/-/micromark-util-html-tag-name-1.0.0.tgz#75737e92fef50af0c6212bd309bc5cb8dbd489ed"
    integrity sha512-NenEKIshW2ZI/ERv9HtFNsrn3llSPZtY337LID/24WeLqMzeZhBEE6BQ0vS2ZBjshm5n40chKtJ3qjAbVV8S0g==
  
  micromark-util-normalize-identifier@^1.0.0:
    version "1.0.0"
    resolved "https://registry.yarnpkg.com/micromark-util-normalize-identifier/-/micromark-util-normalize-identifier-1.0.0.tgz#4a3539cb8db954bbec5203952bfe8cedadae7828"
    integrity sha512-yg+zrL14bBTFrQ7n35CmByWUTFsgst5JhA4gJYoty4Dqzj4Z4Fr/DHekSS5aLfH9bdlfnSvKAWsAgJhIbogyBg==
    dependencies:
      micromark-util-symbol "^1.0.0"
  
  micromark-util-resolve-all@^1.0.0:
    version "1.0.0"
    resolved "https://registry.yarnpkg.com/micromark-util-resolve-all/-/micromark-util-resolve-all-1.0.0.tgz#a7c363f49a0162e931960c44f3127ab58f031d88"
    integrity sha512-CB/AGk98u50k42kvgaMM94wzBqozSzDDaonKU7P7jwQIuH2RU0TeBqGYJz2WY1UdihhjweivStrJ2JdkdEmcfw==
    dependencies:
      micromark-util-types "^1.0.0"
  
  micromark-util-sanitize-uri@^1.0.0:
    version "1.0.0"
    resolved "https://registry.yarnpkg.com/micromark-util-sanitize-uri/-/micromark-util-sanitize-uri-1.0.0.tgz#27dc875397cd15102274c6c6da5585d34d4f12b2"
    integrity sha512-cCxvBKlmac4rxCGx6ejlIviRaMKZc0fWm5HdCHEeDWRSkn44l6NdYVRyU+0nT1XC72EQJMZV8IPHF+jTr56lAg==
    dependencies:
      micromark-util-character "^1.0.0"
      micromark-util-encode "^1.0.0"
      micromark-util-symbol "^1.0.0"
  
  micromark-util-subtokenize@^1.0.0:
    version "1.0.0"
    resolved "https://registry.yarnpkg.com/micromark-util-subtokenize/-/micromark-util-subtokenize-1.0.0.tgz#6f006fa719af92776c75a264daaede0fb3943c6a"
    integrity sha512-EsnG2qscmcN5XhkqQBZni/4oQbLFjz9yk3ZM/P8a3YUjwV6+6On2wehr1ALx0MxK3+XXXLTzuBKHDFeDFYRdgQ==
    dependencies:
      micromark-util-chunked "^1.0.0"
      micromark-util-symbol "^1.0.0"
      micromark-util-types "^1.0.0"
  
  micromark-util-symbol@^1.0.0:
    version "1.0.0"
    resolved "https://registry.yarnpkg.com/micromark-util-symbol/-/micromark-util-symbol-1.0.0.tgz#91cdbcc9b2a827c0129a177d36241bcd3ccaa34d"
    integrity sha512-NZA01jHRNCt4KlOROn8/bGi6vvpEmlXld7EHcRH+aYWUfL3Wc8JLUNNlqUMKa0hhz6GrpUWsHtzPmKof57v0gQ==
  
  micromark-util-types@^1.0.0, micromark-util-types@^1.0.1:
    version "1.0.1"
    resolved "https://registry.yarnpkg.com/micromark-util-types/-/micromark-util-types-1.0.1.tgz#8bb8a092d93d326bd29fe29602799f2d0d922fd4"
    integrity sha512-UT0ylWEEy80RFYzK9pEaugTqaxoD/j0Y9WhHpSyitxd99zjoQz7JJ+iKuhPAgOW2MiPSUAx+c09dcqokeyaROA==
  
  micromark@^3.0.0:
    version "3.0.5"
    resolved "https://registry.yarnpkg.com/micromark/-/micromark-3.0.5.tgz#d24792c8a06f201d5608c106dbfadef34c299684"
    integrity sha512-QfjERBnPw0G9mxhOCkkbRP0n8SX8lIBLrEKeEVceviUukqVMv3hWE4AgNTOK/W6GWqtPvvIHg2Apl3j1Dxm6aQ==
    dependencies:
      "@types/debug" "^4.0.0"
      debug "^4.0.0"
      micromark-core-commonmark "^1.0.1"
      micromark-factory-space "^1.0.0"
      micromark-util-character "^1.0.0"
      micromark-util-chunked "^1.0.0"
      micromark-util-combine-extensions "^1.0.0"
      micromark-util-decode-numeric-character-reference "^1.0.0"
      micromark-util-encode "^1.0.0"
      micromark-util-normalize-identifier "^1.0.0"
      micromark-util-resolve-all "^1.0.0"
      micromark-util-sanitize-uri "^1.0.0"
      micromark-util-subtokenize "^1.0.0"
      micromark-util-symbol "^1.0.0"
      micromark-util-types "^1.0.1"
      parse-entities "^3.0.0"
  
  ms@2.1.2:
    version "2.1.2"
    resolved "https://registry.yarnpkg.com/ms/-/ms-2.1.2.tgz#d09d1f357b443f493382a8eb3ccd183872ae6009"
    integrity sha512-sGkPx+VjMtmA6MX27oA4FBFELFCZZ4S4XqeGOXCv68tT+jb3vk/RyaKWP0PTKyWtmLSM0b+adUTEvbs1PEaH2w==
  
  parse-entities@^3.0.0:
    version "3.0.0"
    resolved "https://registry.yarnpkg.com/parse-entities/-/parse-entities-3.0.0.tgz#9ed6d6569b6cfc95ade058d683ddef239dad60dc"
    integrity sha512-AJlcIFDNPEP33KyJLguv0xJc83BNvjxwpuUIcetyXUsLpVXAUCePJ5kIoYtEN2R1ac0cYaRu/vk9dVFkewHQhQ==
    dependencies:
      character-entities "^2.0.0"
      character-entities-legacy "^2.0.0"
      character-reference-invalid "^2.0.0"
      is-alphanumerical "^2.0.0"
      is-decimal "^2.0.0"
      is-hexadecimal "^2.0.0"
  
  parse5@^6.0.0:
    version "6.0.1"
    resolved "https://registry.yarnpkg.com/parse5/-/parse5-6.0.1.tgz#e1a1c085c569b3dc08321184f19a39cc27f7c30b"
    integrity sha512-Ofn/CTFzRGTTxwpNEs9PP93gXShHcTq255nzRYSKe8AkVpZY7e1fpmTfOyoIvjP5HG7Z2ZM7VS9PPhQGW2pOpw==
  
  property-information@^6.0.0:
    version "6.0.1"
    resolved "https://registry.yarnpkg.com/property-information/-/property-information-6.0.1.tgz#7c668d9f2b9cb63bc3e105d8b8dfee7221a17800"
    integrity sha512-F4WUUAF7fMeF4/JUFHNBWDaKDXi2jbvqBW/y6o5wsf3j19wTZ7S60TmtB5HoBhtgw7NKQRMWuz5vk2PR0CygUg==
  
  rehype-parse@^8.0.0:
    version "8.0.3"
    resolved "https://registry.yarnpkg.com/rehype-parse/-/rehype-parse-8.0.3.tgz#a1947132a08a930d0c2b6fd2b3dbcc137457c07a"
    integrity sha512-RGw0CVt+0S6KdvpE8bbP2Db9WXclQcIX7A0ufM3QFqAhTo/ddJMQrrI2j3cijlRPZlGK8R3pRgC8U5HyV76IDw==
    dependencies:
      "@types/hast" "^2.0.0"
      hast-util-from-parse5 "^7.0.0"
      parse5 "^6.0.0"
      unified "^10.0.0"
  
  rehype-stringify@^9.0.0, rehype-stringify@^9.0.2:
    version "9.0.2"
    resolved "https://registry.yarnpkg.com/rehype-stringify/-/rehype-stringify-9.0.2.tgz#2d95e06e246abbee504cf2f54c8d12f27d7bfd8e"
    integrity sha512-BuVA6lAEYtOpXO2xuHLohAzz8UNoQAxAqYRqh4QEEtU39Co+P1JBZhw6wXA9hMWp+JLcmrxWH8+UKcNSr443Fw==
    dependencies:
      "@types/hast" "^2.0.0"
      hast-util-to-html "^8.0.0"
      unified "^10.0.0"
  
  rehype@^12.0.0:
    version "12.0.0"
    resolved "https://registry.yarnpkg.com/rehype/-/rehype-12.0.0.tgz#d5e80a206da2479b3564722bc2ba882e0f4240ec"
    integrity sha512-gZcttmf9R5IYHb8AlI1rlmWqXS1yX0rSB/S5ZGJs8atfYZy2DobvH3Ic/gSzB+HL/+oOHPtBguw1TprfhxXBgQ==
    dependencies:
      "@types/hast" "^2.0.0"
      rehype-parse "^8.0.0"
      rehype-stringify "^9.0.0"
      unified "^10.0.0"
  
  remark-parse@^10.0.0:
    version "10.0.0"
    resolved "https://registry.yarnpkg.com/remark-parse/-/remark-parse-10.0.0.tgz#65e2b2b34d8581d36b97f12a2926bb2126961cb4"
    integrity sha512-07ei47p2Xl7Bqbn9H2VYQYirnAFJPwdMuypdozWsSbnmrkgA2e2sZLZdnDNrrsxR4onmIzH/J6KXqKxCuqHtPQ==
    dependencies:
      "@types/mdast" "^3.0.0"
      mdast-util-from-markdown "^1.0.0"
      unified "^10.0.0"
  
  remark-rehype@^9.0.0:
    version "9.0.0"
    resolved "https://registry.yarnpkg.com/remark-rehype/-/remark-rehype-9.0.0.tgz#83532a48e048373411ca50c53d84fb1a35bc7bfe"
    integrity sha512-SFA+mPWu45ynFPKeT3h5eNNVAYoMp3wizr3KSKh1IQ9L6dLSyD25/df6/vv8EW8ji3O3dnZGdbLQl592Tn+ydg==
    dependencies:
      "@types/hast" "^2.0.0"
      "@types/mdast" "^3.0.0"
      mdast-util-to-hast "^11.0.0"
      unified "^10.0.0"
  
  space-separated-tokens@^2.0.0:
    version "2.0.1"
    resolved "https://registry.yarnpkg.com/space-separated-tokens/-/space-separated-tokens-2.0.1.tgz#43193cec4fb858a2ce934b7f98b7f2c18107098b"
    integrity sha512-ekwEbFp5aqSPKaqeY1PGrlGQxPNaq+Cnx4+bE2D8sciBQrHpbwoBbawqTN2+6jPs9IdWxxiUcN0K2pkczD3zmw==
  
  stringify-entities@^4.0.0:
    version "4.0.1"
    resolved "https://registry.yarnpkg.com/stringify-entities/-/stringify-entities-4.0.1.tgz#f483c9ca8d7e029edec9863c5a37c1f1e7702c8d"
    integrity sha512-gmMQxKXPWIO3NXNSPyWNhlYcBNGpPA/487D+9dLPnU4xBnIrnHdr8cv5rGJOS/1BRxEXRb7uKwg7BA36IWV7xg==
    dependencies:
      character-entities-html4 "^2.0.0"
      character-entities-legacy "^2.0.0"
  
  trough@^2.0.0:
    version "2.0.2"
    resolved "https://registry.yarnpkg.com/trough/-/trough-2.0.2.tgz#94a3aa9d5ce379fc561f6244905b3f36b7458d96"
    integrity sha512-FnHq5sTMxC0sk957wHDzRnemFnNBvt/gSY99HzK8F7UP5WAbvP70yX5bd7CjEQkN+TjdxwI7g7lJ6podqrG2/w==
  
  typescript@^4.4.2:
    version "4.4.2"
    resolved "https://registry.yarnpkg.com/typescript/-/typescript-4.4.2.tgz#6d618640d430e3569a1dfb44f7d7e600ced3ee86"
    integrity sha512-gzP+t5W4hdy4c+68bfcv0t400HVJMMd2+H9B7gae1nQlBzCqvrXX+6GL/b3GAgyTH966pzrZ70/fRjwAtZksSQ==
  
  unified@^10.0.0, unified@^10.1.0:
    version "10.1.0"
    resolved "https://registry.yarnpkg.com/unified/-/unified-10.1.0.tgz#4e65eb38fc2448b1c5ee573a472340f52b9346fe"
    integrity sha512-4U3ru/BRXYYhKbwXV6lU6bufLikoAavTwev89H5UxY8enDFaAT2VXmIXYNm6hb5oHPng/EXr77PVyDFcptbk5g==
    dependencies:
      "@types/unist" "^2.0.0"
      bail "^2.0.0"
      extend "^3.0.0"
      is-buffer "^2.0.0"
      is-plain-obj "^4.0.0"
      trough "^2.0.0"
      vfile "^5.0.0"
  
  unist-builder@^3.0.0:
    version "3.0.0"
    resolved "https://registry.yarnpkg.com/unist-builder/-/unist-builder-3.0.0.tgz#728baca4767c0e784e1e64bb44b5a5a753021a04"
    integrity sha512-GFxmfEAa0vi9i5sd0R2kcrI9ks0r82NasRq5QHh2ysGngrc6GiqD5CDf1FjPenY4vApmFASBIIlk/jj5J5YbmQ==
    dependencies:
      "@types/unist" "^2.0.0"
  
  unist-util-generated@^2.0.0:
    version "2.0.0"
    resolved "https://registry.yarnpkg.com/unist-util-generated/-/unist-util-generated-2.0.0.tgz#86fafb77eb6ce9bfa6b663c3f5ad4f8e56a60113"
    integrity sha512-TiWE6DVtVe7Ye2QxOVW9kqybs6cZexNwTwSMVgkfjEReqy/xwGpAXb99OxktoWwmL+Z+Epb0Dn8/GNDYP1wnUw==
  
  unist-util-is@^5.0.0:
    version "5.1.1"
    resolved "https://registry.yarnpkg.com/unist-util-is/-/unist-util-is-5.1.1.tgz#e8aece0b102fa9bc097b0fef8f870c496d4a6236"
    integrity sha512-F5CZ68eYzuSvJjGhCLPL3cYx45IxkqXSetCcRgUXtbcm50X2L9oOWQlfUfDdAf+6Pd27YDblBfdtmsThXmwpbQ==
  
  unist-util-position@^4.0.0:
    version "4.0.1"
    resolved "https://registry.yarnpkg.com/unist-util-position/-/unist-util-position-4.0.1.tgz#f8484b2da19a897a0180556d160c28633070dbb9"
    integrity sha512-mgy/zI9fQ2HlbOtTdr2w9lhVaiFUHWQnZrFF2EUoVOqtAUdzqMtNiD99qA5a1IcjWVR8O6aVYE9u7Z2z1v0SQA==
  
  unist-util-stringify-position@^3.0.0:
    version "3.0.0"
    resolved "https://registry.yarnpkg.com/unist-util-stringify-position/-/unist-util-stringify-position-3.0.0.tgz#d517d2883d74d0daa0b565adc3d10a02b4a8cde9"
    integrity sha512-SdfAl8fsDclywZpfMDTVDxA2V7LjtRDTOFd44wUJamgl6OlVngsqWjxvermMYf60elWHbxhuRCZml7AnuXCaSA==
    dependencies:
      "@types/unist" "^2.0.0"
  
  unist-util-visit-parents@^4.0.0:
    version "4.1.1"
    resolved "https://registry.yarnpkg.com/unist-util-visit-parents/-/unist-util-visit-parents-4.1.1.tgz#e83559a4ad7e6048a46b1bdb22614f2f3f4724f2"
    integrity sha512-1xAFJXAKpnnJl8G7K5KgU7FY55y3GcLIXqkzUj5QF/QVP7biUm0K0O2oqVkYsdjzJKifYeWn9+o6piAK2hGSHw==
    dependencies:
      "@types/unist" "^2.0.0"
      unist-util-is "^5.0.0"
  
  unist-util-visit-parents@^5.0.0:
    version "5.0.0"
    resolved "https://registry.yarnpkg.com/unist-util-visit-parents/-/unist-util-visit-parents-5.0.0.tgz#5ae2440f8710a0c18a2b4ba0c4471d18e1090494"
    integrity sha512-CVaLOYPM/EaFTYMytbaju3Tw4QI3DHnHFnL358FkEu0hZOzSm/hqBdVwOQDR60jF5ZzhB1tlZlRH0ll/yekZIQ==
    dependencies:
      "@types/unist" "^2.0.0"
      unist-util-is "^5.0.0"
  
  unist-util-visit@^3.0.0:
    version "3.1.0"
    resolved "https://registry.yarnpkg.com/unist-util-visit/-/unist-util-visit-3.1.0.tgz#9420d285e1aee938c7d9acbafc8e160186dbaf7b"
    integrity sha512-Szoh+R/Ll68QWAyQyZZpQzZQm2UPbxibDvaY8Xc9SUtYgPsDzx5AWSk++UUt2hJuow8mvwR+rG+LQLw+KsuAKA==
    dependencies:
      "@types/unist" "^2.0.0"
      unist-util-is "^5.0.0"
      unist-util-visit-parents "^4.0.0"
  
  unist-util-visit@^4.0.0:
    version "4.0.0"
    resolved "https://registry.yarnpkg.com/unist-util-visit/-/unist-util-visit-4.0.0.tgz#6e1f7e8e163921d20281354c38bfd3244b64580a"
    integrity sha512-3HWTvrtU10/E7qgPznBfiOyG0TXj9W8c1GSfaI8L9GkaG1pLePiQPZ7E35a0R3ToQ/zcy4Im6aZ9WBgOTnv1MQ==
    dependencies:
      "@types/unist" "^2.0.0"
      unist-util-is "^5.0.0"
      unist-util-visit-parents "^5.0.0"
  
  vfile-location@^4.0.0:
    version "4.0.1"
    resolved "https://registry.yarnpkg.com/vfile-location/-/vfile-location-4.0.1.tgz#06f2b9244a3565bef91f099359486a08b10d3a95"
    integrity sha512-JDxPlTbZrZCQXogGheBHjbRWjESSPEak770XwWPfw5mTc1v1nWGLB/apzZxsx8a0SJVfF8HK8ql8RD308vXRUw==
    dependencies:
      "@types/unist" "^2.0.0"
      vfile "^5.0.0"
  
  vfile-message@^3.0.0:
    version "3.0.2"
    resolved "https://registry.yarnpkg.com/vfile-message/-/vfile-message-3.0.2.tgz#db7eaebe7fecb853010f2ef1664427f52baf8f74"
    integrity sha512-UUjZYIOg9lDRwwiBAuezLIsu9KlXntdxwG+nXnjuQAHvBpcX3x0eN8h+I7TkY5nkCXj+cWVp4ZqebtGBvok8ww==
    dependencies:
      "@types/unist" "^2.0.0"
      unist-util-stringify-position "^3.0.0"
  
  vfile@^5.0.0:
    version "5.1.0"
    resolved "https://registry.yarnpkg.com/vfile/-/vfile-5.1.0.tgz#18e78016f0f71e98d737d40f0fca921dc264a600"
    integrity sha512-4o7/DJjEaFPYSh0ckv5kcYkJTHQgCKdL8ozMM1jLAxO9ox95IzveDPXCZp08HamdWq8JXTkClDvfAKaeLQeKtg==
    dependencies:
      "@types/unist" "^2.0.0"
      is-buffer "^2.0.0"
      unist-util-stringify-position "^3.0.0"
      vfile-message "^3.0.0"
  
  web-namespaces@^2.0.0:
    version "2.0.0"
    resolved "https://registry.yarnpkg.com/web-namespaces/-/web-namespaces-2.0.0.tgz#1f6a2d7b5823329abaedeb6bdf09ef2fed35db13"
    integrity sha512-dE7ELZRVWh0ceQsRgkjLgsAvwTuv3kcjSY/hLjqL0llleUlQBDjE9JkB9FCBY5F2mnFEwiyJoowl8+NVGHe8dw==
